<?xml version="1.0" encoding="UTF-8"?>
<!-- Generated by org.testng.reporters.JUnitReportReporter -->
<testsuite skipped="0" hostname="MacBook-Air-de-Diego.local" name="com.br.inmetrics.tests.android.TestMenuNovoCalculoGherkin" tests="1" failures="0" timestamp="26 abr 2019 13:49:43 GMT" time="23.278" errors="0">
  <testcase name="CT02_AbrirCalculoSalvo" time="23.278" classname="com.br.inmetrics.tests.android.TestMenuNovoCalculoGherkin"/>
</testsuite> <!-- com.br.inmetrics.tests.android.TestMenuNovoCalculoGherkin -->
