<?xml version="1.0" encoding="UTF-8"?>
<!-- Generated by org.testng.reporters.JUnitReportReporter -->
<testsuite skipped="0" hostname="MacBook-Pro-de-Alexandre.local" name="com.br.inmetrics.tests.android.TestLoginGherkin" tests="6" failures="0" timestamp="04 abr 2019 12:06:31 GMT" time="1398.418" errors="0">
  <testcase name="CT0000_ValidarSelecionarAmbiente" time="40.351" classname="com.br.inmetrics.tests.android.TestLoginGherkin"/>
  <testcase name="CT0003_ValidarloginCartaoAdicional" time="144.390" classname="com.br.inmetrics.tests.android.TestLoginGherkin"/>
  <testcase name="CT0004_ValidarloginClienteComCartaoFopa" time="144.676" classname="com.br.inmetrics.tests.android.TestLoginGherkin"/>
  <testcase name="CT0002_ValidarLoginComClienteNaoCorrentista" time="140.909" classname="com.br.inmetrics.tests.android.TestLoginGherkin"/>
  <testcase name="CT0001_ValidarLoginComClienteCorrentista" time="136.735" classname="com.br.inmetrics.tests.android.TestLoginGherkin"/>
  <testcase name="CT0006_ReLoginSessaoExpirada" time="791.357" classname="com.br.inmetrics.tests.android.TestLoginGherkin"/>
</testsuite> <!-- com.br.inmetrics.tests.android.TestLoginGherkin -->
