<?xml version="1.0" encoding="UTF-8"?>
<!-- Generated by org.testng.reporters.JUnitReportReporter -->
<testsuite skipped="0" hostname="MacBook-Air-de-Diego.local" name="com.br.inmetrics.tests.android.TestAppCorreiosGherkin" tests="2" failures="0" timestamp="26 abr 2019 17:01:57 GMT" time="103.013" errors="0">
  <testcase name="CT02_AbrirCalculoSalvo" time="42.710" classname="com.br.inmetrics.tests.android.TestAppCorreiosGherkin"/>
  <testcase name="CT01_EfetuarNovoCalculo" time="60.303" classname="com.br.inmetrics.tests.android.TestAppCorreiosGherkin"/>
</testsuite> <!-- com.br.inmetrics.tests.android.TestAppCorreiosGherkin -->
