<?xml version="1.0" encoding="UTF-8"?>
<!-- Generated by org.testng.reporters.JUnitReportReporter -->
<testsuite skipped="0" hostname="MacBook-Air-de-Diego.local" name="com.br.inmetrics.tests.android.TestMenuSuperiorGherkin" tests="1" failures="0" timestamp="25 abr 2019 00:39:05 GMT" time="63.485" errors="0">
  <testcase name="CT0000_TesteMenu" time="63.485" classname="com.br.inmetrics.tests.android.TestMenuSuperiorGherkin"/>
</testsuite> <!-- com.br.inmetrics.tests.android.TestMenuSuperiorGherkin -->
